
--------------------PARSE 1--------------------

[(> (< (> the fox) (b< sg nom)) (< panic (b< 0 past))) = s : panic'(the'(ð›Œx .fox'x)) ]

------------------------------------------------

--------------------PARSE 1--------------------

[(> (< (> the fox) (b< pl nom)) (< panic (b< 0 past))) = s : panic'(the'(ð›Œx .fox'x)) ]

------------------------------------------------

--------------------PARSE 1--------------------

[(> (< (> the fox) (b< pl nom)) (< panic (b< 0 pres))) = s : panic'(the'(ð›Œx .fox'x)) ]

------------------------------------------------

*THE FOXES PANICS

--------------------PARSE 1--------------------

[(> (< john (b< sg nom)) (< (b< like (b< 1 pres)) (< (> the fox) (b< pl acc)))) = s : like'(the'(ð›Œx .fox'x)) john']

------------------------------------------------

--------------------PARSE 1--------------------

[(> (< (> the fox) (b< sg nom)) (< (b< like (b< 1 pres)) (< john (b< sg acc)))) = s : like'john'(the'(ð›Œx .fox'x)) ]

------------------------------------------------

--------------------PARSE 1--------------------

[(> (< john (b< sg nom))
  (< (b< watch (b< 0 past)) (< (> the watch) (b< sg acc)))) = s : watch'(the'(ð›Œx .watch'x)) john']

------------------------------------------------

--------------------PARSE 1--------------------

[(> (< john (b< sg nom))
  (< (b< watch (b< 1 pres)) (< (> the watch) (b< pl acc)))) = s : watch'(the'(ð›Œx .watch'x)) john']

------------------------------------------------
